C:\Users\A177493\source\repos\TechnicalAssessment\TechnicalAssessment\html\TechnicalAssessmentFrontEnd\dist\out-tsc\src\app\app.component.js
C:\Users\A177493\source\repos\TechnicalAssessment\TechnicalAssessment\html\TechnicalAssessmentFrontEnd\dist\out-tsc\src\app\app.component.js.map
C:\Users\A177493\source\repos\TechnicalAssessment\TechnicalAssessment\html\TechnicalAssessmentFrontEnd\dist\out-tsc\src\environments\environment.js
C:\Users\A177493\source\repos\TechnicalAssessment\TechnicalAssessment\html\TechnicalAssessmentFrontEnd\dist\out-tsc\src\environments\environment.js.map
C:\Users\A177493\source\repos\TechnicalAssessment\TechnicalAssessment\html\TechnicalAssessmentFrontEnd\dist\out-tsc\src\app\component\menu\menu.component.js
C:\Users\A177493\source\repos\TechnicalAssessment\TechnicalAssessment\html\TechnicalAssessmentFrontEnd\dist\out-tsc\src\app\component\menu\menu.component.js.map
C:\Users\A177493\source\repos\TechnicalAssessment\TechnicalAssessment\html\TechnicalAssessmentFrontEnd\dist\out-tsc\src\app\component\shared\table\iHeaders.js
C:\Users\A177493\source\repos\TechnicalAssessment\TechnicalAssessment\html\TechnicalAssessmentFrontEnd\dist\out-tsc\src\app\component\shared\table\iHeaders.js.map
C:\Users\A177493\source\repos\TechnicalAssessment\TechnicalAssessment\html\TechnicalAssessmentFrontEnd\dist\out-tsc\src\app\component\langs\langs.component.js
C:\Users\A177493\source\repos\TechnicalAssessment\TechnicalAssessment\html\TechnicalAssessmentFrontEnd\dist\out-tsc\src\app\component\langs\langs.component.js.map
C:\Users\A177493\source\repos\TechnicalAssessment\TechnicalAssessment\html\TechnicalAssessmentFrontEnd\dist\out-tsc\src\app\component\holiday-home\holiday-home.component.js
C:\Users\A177493\source\repos\TechnicalAssessment\TechnicalAssessment\html\TechnicalAssessmentFrontEnd\dist\out-tsc\src\app\component\holiday-home\holiday-home.component.js.map
C:\Users\A177493\source\repos\TechnicalAssessment\TechnicalAssessment\html\TechnicalAssessmentFrontEnd\dist\out-tsc\src\app\component\owners\owners.component.js
C:\Users\A177493\source\repos\TechnicalAssessment\TechnicalAssessment\html\TechnicalAssessmentFrontEnd\dist\out-tsc\src\app\component\owners\owners.component.js.map
C:\Users\A177493\source\repos\TechnicalAssessment\TechnicalAssessment\html\TechnicalAssessmentFrontEnd\dist\out-tsc\src\app\component\holiday-home\holiday-home-lang\holiday-home-lang.component.js
C:\Users\A177493\source\repos\TechnicalAssessment\TechnicalAssessment\html\TechnicalAssessmentFrontEnd\dist\out-tsc\src\app\component\holiday-home\holiday-home-lang\holiday-home-lang.component.js.map
C:\Users\A177493\source\repos\TechnicalAssessment\TechnicalAssessment\html\TechnicalAssessmentFrontEnd\dist\out-tsc\src\app\component\holiday-home\holiday-home-free-day\holiday-home-free-day.component.js
C:\Users\A177493\source\repos\TechnicalAssessment\TechnicalAssessment\html\TechnicalAssessmentFrontEnd\dist\out-tsc\src\app\component\holiday-home\holiday-home-free-day\holiday-home-free-day.component.js.map
C:\Users\A177493\source\repos\TechnicalAssessment\TechnicalAssessment\html\TechnicalAssessmentFrontEnd\dist\out-tsc\src\app\component\shared\table\table.component.js
C:\Users\A177493\source\repos\TechnicalAssessment\TechnicalAssessment\html\TechnicalAssessmentFrontEnd\dist\out-tsc\src\app\component\shared\table\table.component.js.map
C:\Users\A177493\source\repos\TechnicalAssessment\TechnicalAssessment\html\TechnicalAssessmentFrontEnd\dist\out-tsc\src\app\app-routing.module.js
C:\Users\A177493\source\repos\TechnicalAssessment\TechnicalAssessment\html\TechnicalAssessmentFrontEnd\dist\out-tsc\src\app\app-routing.module.js.map
C:\Users\A177493\source\repos\TechnicalAssessment\TechnicalAssessment\html\TechnicalAssessmentFrontEnd\dist\out-tsc\src\app\app.module.js
C:\Users\A177493\source\repos\TechnicalAssessment\TechnicalAssessment\html\TechnicalAssessmentFrontEnd\dist\out-tsc\src\app\app.module.js.map
C:\Users\A177493\source\repos\TechnicalAssessment\TechnicalAssessment\html\TechnicalAssessmentFrontEnd\dist\out-tsc\src\main.js
C:\Users\A177493\source\repos\TechnicalAssessment\TechnicalAssessment\html\TechnicalAssessmentFrontEnd\dist\out-tsc\src\main.js.map
C:\Users\A177493\source\repos\TechnicalAssessment\TechnicalAssessment\html\TechnicalAssessmentFrontEnd\dist\out-tsc\src\polyfills.js
C:\Users\A177493\source\repos\TechnicalAssessment\TechnicalAssessment\html\TechnicalAssessmentFrontEnd\dist\out-tsc\src\polyfills.js.map
C:\Users\A177493\source\repos\TechnicalAssessment\TechnicalAssessment\html\TechnicalAssessmentFrontEnd\dist\out-tsc\src\test.js
C:\Users\A177493\source\repos\TechnicalAssessment\TechnicalAssessment\html\TechnicalAssessmentFrontEnd\dist\out-tsc\src\test.js.map
C:\Users\A177493\source\repos\TechnicalAssessment\TechnicalAssessment\html\TechnicalAssessmentFrontEnd\dist\out-tsc\e2e\src\app.po.js
C:\Users\A177493\source\repos\TechnicalAssessment\TechnicalAssessment\html\TechnicalAssessmentFrontEnd\dist\out-tsc\e2e\src\app.po.js.map
C:\Users\A177493\source\repos\TechnicalAssessment\TechnicalAssessment\html\TechnicalAssessmentFrontEnd\dist\out-tsc\e2e\src\app.e2e-spec.js
C:\Users\A177493\source\repos\TechnicalAssessment\TechnicalAssessment\html\TechnicalAssessmentFrontEnd\dist\out-tsc\e2e\src\app.e2e-spec.js.map
C:\Users\A177493\source\repos\TechnicalAssessment\TechnicalAssessment\html\TechnicalAssessmentFrontEnd\dist\out-tsc\src\app\app.component.spec.js
C:\Users\A177493\source\repos\TechnicalAssessment\TechnicalAssessment\html\TechnicalAssessmentFrontEnd\dist\out-tsc\src\app\app.component.spec.js.map
C:\Users\A177493\source\repos\TechnicalAssessment\TechnicalAssessment\html\TechnicalAssessmentFrontEnd\dist\out-tsc\src\environments\environment.prod.js
C:\Users\A177493\source\repos\TechnicalAssessment\TechnicalAssessment\html\TechnicalAssessmentFrontEnd\dist\out-tsc\src\environments\environment.prod.js.map
C:\Users\A177493\source\repos\TechnicalAssessment\TechnicalAssessment\html\TechnicalAssessmentFrontEnd\dist\out-tsc\src\app\component\holiday-home\holiday-home.component.spec.js
C:\Users\A177493\source\repos\TechnicalAssessment\TechnicalAssessment\html\TechnicalAssessmentFrontEnd\dist\out-tsc\src\app\component\holiday-home\holiday-home.component.spec.js.map
C:\Users\A177493\source\repos\TechnicalAssessment\TechnicalAssessment\html\TechnicalAssessmentFrontEnd\dist\out-tsc\src\app\component\langs\langs.component.spec.js
C:\Users\A177493\source\repos\TechnicalAssessment\TechnicalAssessment\html\TechnicalAssessmentFrontEnd\dist\out-tsc\src\app\component\langs\langs.component.spec.js.map
C:\Users\A177493\source\repos\TechnicalAssessment\TechnicalAssessment\html\TechnicalAssessmentFrontEnd\dist\out-tsc\src\app\component\menu\menu.component.spec.js
C:\Users\A177493\source\repos\TechnicalAssessment\TechnicalAssessment\html\TechnicalAssessmentFrontEnd\dist\out-tsc\src\app\component\menu\menu.component.spec.js.map
C:\Users\A177493\source\repos\TechnicalAssessment\TechnicalAssessment\html\TechnicalAssessmentFrontEnd\dist\out-tsc\src\app\component\owners\owners.component.spec.js
C:\Users\A177493\source\repos\TechnicalAssessment\TechnicalAssessment\html\TechnicalAssessmentFrontEnd\dist\out-tsc\src\app\component\owners\owners.component.spec.js.map
C:\Users\A177493\source\repos\TechnicalAssessment\TechnicalAssessment\html\TechnicalAssessmentFrontEnd\dist\out-tsc\src\app\component\holiday-home\holiday-home-free-day\holiday-home-free-day.component.spec.js
C:\Users\A177493\source\repos\TechnicalAssessment\TechnicalAssessment\html\TechnicalAssessmentFrontEnd\dist\out-tsc\src\app\component\holiday-home\holiday-home-free-day\holiday-home-free-day.component.spec.js.map
C:\Users\A177493\source\repos\TechnicalAssessment\TechnicalAssessment\html\TechnicalAssessmentFrontEnd\dist\out-tsc\src\app\component\holiday-home\holiday-home-lang\holiday-home-lang.component.spec.js
C:\Users\A177493\source\repos\TechnicalAssessment\TechnicalAssessment\html\TechnicalAssessmentFrontEnd\dist\out-tsc\src\app\component\holiday-home\holiday-home-lang\holiday-home-lang.component.spec.js.map
C:\Users\A177493\source\repos\TechnicalAssessment\TechnicalAssessment\html\TechnicalAssessmentFrontEnd\dist\out-tsc\src\app\component\shared\table\table.component.spec.js
C:\Users\A177493\source\repos\TechnicalAssessment\TechnicalAssessment\html\TechnicalAssessmentFrontEnd\dist\out-tsc\src\app\component\shared\table\table.component.spec.js.map
